<?xml version="1.0" encoding="UTF-8"?>
<!-- Generated by org.testng.reporters.JUnitReportReporter -->
<testsuite hostname="XPS8700" name="com.sample.dao.TestUserDaoImpl" tests="3" failures="0" timestamp="16 Oct 2014 21:52:27 GMT" time="0.007" errors="0">
  <testcase name="testList" time="0.000" classname="com.sample.dao.TestUserDaoImpl"/>
  <testcase name="testAdd2" time="0.001" classname="com.sample.dao.TestUserDaoImpl"/>
  <testcase name="testAdd1" time="0.006" classname="com.sample.dao.TestUserDaoImpl"/>
</testsuite> <!-- com.sample.dao.TestUserDaoImpl -->
