<?xml version="1.0" encoding="UTF-8"?>
<!-- Generated by org.testng.reporters.JUnitReportReporter -->
<testsuite hostname="XPS8700" name="com.sample.service.TestUserService" tests="2" failures="0" timestamp="16 Oct 2014 21:52:27 GMT" time="0.023" errors="0">
  <testcase name="testShow" time="0.000" classname="com.sample.service.TestUserService"/>
  <testcase name="testAdd" time="0.023" classname="com.sample.service.TestUserService"/>
</testsuite> <!-- com.sample.service.TestUserService -->
